<?xml version="1.0" encoding="UTF-8"?>
<!-- Generated by org.testng.reporters.JUnitXMLReporter -->
<testsuite hostname="Sudhas-MacBook-Pro.local" ignored="1" name="Test" tests="5" failures="0" timestamp="03 Oct 2018 19:26:34 GMT" time="0.023" errors="0">
  <testcase name="MobileCode_ExTest" time="0.005" classname="qaclickacademy.Appium_ExTest"/>
  <testcase name="BrowserCode_Extsest" time="0.0" classname="qaclickacademy.Selenium_ExTest"/>
  <testcase name="SeleniumCode_Extest" time="0.0" classname="qaclickacademy.Selenium_ExTest"/>
  <testcase name="APICode_ExTest" time="0.0" classname="qaclickacademy.API_ExTest"/>
  <testcase name="RestCode_ExTest" time="0.0" classname="qaclickacademy.API_ExTest"/>
  <testcase name="AppiumCode_ExTest" time="0.0" classname="qaclickacademy.Appium_ExTest">
    <ignored/>
  </testcase> <!-- AppiumCode_ExTest -->
</testsuite> <!-- Test -->
