<?xml version="1.0" encoding="UTF-8"?>
<testsuite xmlns:xsi="http://www.w3.org/2001/XMLSchema-instance" xsi:noNamespaceSchemaLocation="https://maven.apache.org/surefire/maven-surefire-plugin/xsd/surefire-test-report.xsd" name="TestSuite" time="0.3" tests="5" errors="0" skipped="0" failures="0">
  <properties>
[...]
</properties>
  <testcase name="MobileCode_ExTest" classname="qaclickacademy.Appium_ExTest" time="0.005"/>
  <testcase name="BrowserCode_Extsest" classname="qaclickacademy.Selenium_ExTest" time="0"/>
  <testcase name="SeleniumCode_Extest" classname="qaclickacademy.Selenium_ExTest" time="0"/>
  <testcase name="APICode_ExTest" classname="qaclickacademy.API_ExTest" time="0.001"/>
  <testcase name="RestCode_ExTest" classname="qaclickacademy.API_ExTest" time="0"/>
</testsuite>